SF:lib\common\extensions\string_extension.dart
DA:2,2
DA:3,10
LF:2
LH:2
end_of_record
SF:lib\common\errors\location_permission_denied_forever_error.dart
DA:4,2
LF:1
LH:1
end_of_record
SF:lib\common\errors\location_permission_denied_error.dart
DA:4,2
LF:1
LH:1
end_of_record
SF:lib\common\library_wrappers\geolocator_wrapper.dart
DA:10,2
DA:12,2
DA:13,7
DA:14,2
DA:15,4
DA:16,2
DA:17,1
DA:21,2
DA:22,1
DA:26,1
DA:34,1
DA:37,1
DA:40,1
DA:43,1
DA:46,1
DA:49,1
DA:52,1
DA:60,3
DA:61,1
DA:66,1
DA:67,1
DA:68,1
DA:71,1
DA:72,1
DA:80,8
LF:25
LH:25
end_of_record
SF:lib\common\utils\dates_operations.dart
DA:2,2
DA:4,2
DA:6,2
DA:8,2
DA:10,1
DA:12,1
DA:14,1
DA:16,1
DA:23,2
DA:25,2
DA:27,2
DA:29,2
DA:31,2
DA:33,2
DA:35,2
DA:37,2
DA:39,2
DA:41,1
DA:43,1
DA:45,1
DA:47,1
LF:21
LH:21
end_of_record
SF:lib\common\errors\request_error.dart
DA:6,3
LF:1
LH:1
end_of_record
SF:lib\data\api\api_config.dart
DA:8,3
DA:12,4
DA:17,9
DA:18,3
DA:23,9
LF:5
LH:5
end_of_record
SF:lib\data\api\api_endpoint.dart
DA:5,3
DA:8,9
LF:2
LH:2
end_of_record
SF:lib\data\api\api_handler.dart
DA:13,3
DA:14,15
DA:16,3
DA:17,6
DA:21,2
DA:27,8
DA:28,2
DA:29,4
DA:37,1
DA:41,2
DA:48,6
DA:49,8
DA:50,2
DA:52,4
DA:53,2
DA:54,4
DA:55,1
DA:59,2
DA:60,2
DA:61,4
DA:62,6
DA:63,4
DA:64,2
DA:65,6
DA:67,6
DA:68,4
LF:26
LH:26
end_of_record
SF:lib\data\models\request\getWeatherForecastRequest.dart
DA:10,3
DA:13,2
DA:15,2
DA:19,2
DA:20,4
DA:22,2
DA:23,2
DA:29,2
LF:8
LH:8
end_of_record
SF:lib\data\models\response\weather_forecast_response\weather_forecast_response.dart
DA:17,5
DA:24,5
DA:26,5
DA:27,15
DA:28,5
DA:29,5
DA:30,5
DA:31,5
DA:32,5
DA:34,5
DA:35,10
DA:36,5
DA:38,5
DA:39,10
DA:42,5
DA:46,5
DA:47,5
DA:48,5
DA:51,10
DA:52,5
DA:53,15
DA:54,10
DA:55,5
DA:57,10
DA:58,5
DA:61,5
DA:62,5
DA:63,5
DA:71,1
DA:73,7
DA:75,1
DA:79,3
DA:80,3
DA:81,3
DA:82,3
DA:83,3
LF:36
LH:36
end_of_record
SF:lib\data\models\response\weather_forecast_response\city.dart
DA:13,5
DA:23,10
DA:24,5
DA:25,5
DA:26,10
DA:27,5
DA:28,5
DA:29,5
DA:30,5
DA:31,5
DA:33,1
DA:37,3
DA:38,3
DA:39,3
DA:40,3
DA:41,3
DA:42,3
DA:43,3
DA:44,3
DA:47,1
DA:49,3
DA:50,3
DA:51,3
DA:52,3
DA:53,3
DA:54,3
DA:55,3
DA:56,2
LF:28
LH:28
end_of_record
SF:lib\data\models\response\weather_forecast_response\coordinates.dart
DA:5,5
DA:7,5
DA:8,25
DA:10,1
DA:14,6
DA:17,1
DA:18,5
LF:7
LH:7
end_of_record
SF:lib\data\models\response\weather_forecast_response\clouds.dart
DA:4,5
DA:6,5
DA:7,10
DA:9,1
DA:13,3
DA:16,1
DA:17,2
LF:7
LH:7
end_of_record
SF:lib\data\models\response\weather_forecast_response\hourly_weather_forecast_list_for_single_day.dart
DA:10,5
DA:12,5
DA:14,5
DA:17,1
DA:21,1
DA:22,2
DA:25,1
DA:26,2
LF:8
LH:8
end_of_record
SF:lib\data\models\response\weather_forecast_response\weather_forecast_list.dart
DA:20,5
DA:31,5
DA:32,5
DA:33,5
DA:34,10
DA:35,5
DA:36,15
DA:37,5
DA:38,10
DA:39,10
DA:40,5
DA:41,10
DA:42,10
DA:43,5
DA:45,1
DA:49,3
DA:50,3
DA:51,3
DA:52,3
DA:53,3
DA:54,3
DA:55,3
DA:56,3
DA:57,3
DA:60,1
DA:61,1
DA:62,1
DA:63,1
DA:64,2
DA:65,1
DA:66,1
DA:67,1
DA:68,1
DA:69,1
DA:70,1
LF:35
LH:35
end_of_record
SF:lib\data\models\response\weather_forecast_response\main_indicators.dart
DA:12,5
DA:23,10
DA:24,10
DA:25,10
DA:26,10
DA:27,10
DA:28,5
DA:29,5
DA:30,5
DA:31,5
DA:32,10
DA:34,1
DA:38,3
DA:39,3
DA:40,3
DA:41,3
DA:42,3
DA:43,3
DA:44,3
DA:45,3
DA:46,3
DA:49,1
DA:51,3
DA:52,3
DA:53,3
DA:54,3
DA:55,3
DA:56,3
DA:57,3
DA:58,3
DA:59,2
LF:31
LH:31
end_of_record
SF:lib\data\models\response\weather_forecast_response\sys.dart
DA:4,5
DA:6,15
DA:8,1
DA:12,3
DA:15,1
DA:16,2
LF:6
LH:6
end_of_record
SF:lib\data\models\response\weather_forecast_response\weather.dart
DA:7,5
DA:13,10
DA:14,5
DA:15,5
DA:16,5
DA:17,5
DA:19,1
DA:23,3
DA:24,3
DA:25,3
DA:26,3
DA:29,1
DA:31,11
LF:13
LH:13
end_of_record
SF:lib\data\models\response\weather_forecast_response\wind.dart
DA:6,5
DA:8,10
DA:9,10
DA:10,5
DA:11,10
DA:13,1
DA:17,9
DA:20,1
DA:21,8
LF:9
LH:9
end_of_record
SF:lib\data\models\location.dart
DA:7,2
DA:9,2
DA:10,2
LF:3
LH:3
end_of_record
SF:lib\data\repositories\location_repository.dart
DA:8,2
DA:10,2
DA:14,6
DA:16,3
DA:20,1
LF:5
LH:5
end_of_record
SF:lib\common\errors\incorrect_location_coordinates.dart
DA:4,2
LF:1
LH:1
end_of_record
SF:lib\common\errors\city_not_found_error.dart
DA:4,2
LF:1
LH:1
end_of_record
SF:lib\data\repositories\weather_forecast_repository.dart
DA:13,2
DA:16,1
DA:18,3
DA:22,1
DA:23,1
DA:24,1
DA:25,1
DA:26,1
DA:27,1
DA:28,1
DA:29,1
DA:31,1
DA:32,1
DA:33,1
DA:34,1
DA:35,1
LF:16
LH:16
end_of_record
SF:lib\presentation\bloc\location_cubit\location_state.dart
DA:14,3
DA:20,2
DA:26,2
DA:32,2
LF:4
LH:4
end_of_record
SF:lib\presentation\bloc\location_cubit\location_cubit.dart
DA:12,2
DA:13,4
DA:15,2
DA:16,4
DA:17,7
DA:18,1
DA:19,3
DA:20,3
DA:21,1
DA:22,1
DA:23,2
DA:24,1
DA:26,1
DA:27,2
DA:29,1
DA:32,2
LF:16
LH:16
end_of_record
SF:lib\common\dependency_injection.dart
DA:13,3
DA:15,1
DA:17,4
DA:18,2
DA:20,2
DA:21,4
DA:24,2
DA:25,4
DA:26,2
DA:27,4
DA:30,2
DA:31,3
DA:34,2
DA:35,4
DA:38,2
DA:39,2
LF:16
LH:16
end_of_record
SF:lib\presentation\bloc\weather_forecast_bloc\weather_forecast_bloc_state.dart
DA:13,2
DA:19,2
LF:2
LH:2
end_of_record
SF:lib\presentation\bloc\weather_forecast_bloc\weather_forecast_bloc.dart
DA:15,2
DA:17,4
DA:18,3
DA:20,2
DA:22,1
DA:23,1
DA:24,1
DA:25,1
DA:26,1
DA:29,3
DA:32,2
DA:35,1
DA:36,1
DA:37,2
DA:39,1
DA:40,2
DA:41,1
DA:45,2
LF:18
LH:18
end_of_record
SF:lib\presentation\bloc\weather_forecast_bloc\weather_forecast_bloc_event.dart
DA:12,3
LF:1
LH:1
end_of_record
SF:lib\presentation\ui\common\custom_scroll_behavior.dart
DA:6,1
DA:12,0
DA:14,0
DA:15,0
LF:4
LH:1
end_of_record
SF:lib\presentation\ui\pages\weather_forecast_page.dart
DA:9,7
DA:11,2
DA:13,6
DA:14,2
DA:15,2
DA:17,2
DA:21,2
DA:22,2
DA:23,2
DA:24,2
DA:25,2
DA:30,2
DA:33,2
DA:35,2
DA:37,1
DA:38,1
DA:39,1
DA:49,2
DA:52,2
DA:53,2
LF:20
LH:20
end_of_record
SF:lib\presentation\ui\shapes\app_bar_clipper.dart
DA:4,2
DA:6,2
DA:7,6
DA:8,2
DA:9,10
DA:10,4
DA:11,2
DA:15,0
LF:8
LH:7
end_of_record
SF:lib\presentation\ui\widgets\search_field.dart
DA:6,7
DA:10,3
DA:11,3
DA:16,3
DA:18,3
DA:19,3
DA:20,3
DA:22,3
DA:24,3
DA:31,3
DA:33,3
DA:35,3
DA:37,3
DA:40,1
DA:41,2
DA:44,3
DA:47,3
DA:50,3
DA:52,12
DA:53,2
DA:61,1
DA:62,4
DA:63,3
LF:23
LH:23
end_of_record
SF:lib\presentation\ui\widgets\weather_forecast_content_widget.dart
DA:11,7
DA:16,3
DA:18,3
DA:19,3
DA:20,1
DA:21,1
DA:22,1
DA:23,4
DA:26,1
DA:27,2
DA:30,1
DA:31,2
DA:34,1
DA:35,2
DA:38,1
DA:39,2
DA:40,1
DA:41,1
DA:42,1
DA:43,1
DA:44,2
DA:45,3
DA:50,3
DA:52,3
DA:53,3
DA:54,3
DA:60,3
DA:61,1
DA:62,1
DA:66,3
DA:67,1
DA:70,3
DA:71,2
DA:74,3
DA:75,1
DA:83,1
DA:86,1
DA:87,2
DA:88,1
DA:89,1
DA:91,1
DA:96,1
DA:97,1
DA:98,5
DA:108,1
DA:110,1
DA:115,1
DA:117,1
DA:125,1
DA:126,1
DA:127,1
DA:131,1
DA:134,1
DA:135,1
DA:136,4
DA:138,1
DA:151,1
DA:152,1
DA:153,1
DA:157,1
DA:161,1
DA:163,1
DA:166,1
DA:169,1
DA:170,1
DA:171,1
DA:174,1
DA:178,1
DA:179,3
DA:181,1
LF:70
LH:70
end_of_record
SF:lib\presentation\ui\weather_forecast_app.dart
DA:10,1
DA:12,1
DA:14,1
DA:15,1
DA:16,1
DA:17,3
DA:18,1
DA:19,1
DA:20,3
DA:22,1
DA:23,1
DA:25,1
LF:12
LH:12
end_of_record
SF:lib\presentation\ui\widgets\tab.dart
DA:9,1
DA:10,1
DA:12,1
DA:14,1
DA:17,1
DA:19,3
DA:20,2
DA:22,2
DA:23,1
DA:25,2
DA:26,1
DA:28,1
DA:32,1
DA:33,2
DA:34,2
DA:40,1
DA:42,3
DA:43,5
DA:44,1
DA:45,3
DA:47,4
LF:21
LH:21
end_of_record
SF:lib\presentation\ui\widgets\tab_bar_view_item.dart
DA:10,1
DA:11,1
DA:13,1
DA:15,1
DA:17,1
DA:18,1
DA:22,1
DA:27,1
DA:29,3
DA:30,5
DA:31,1
DA:32,3
DA:35,2
DA:38,2
DA:40,2
DA:41,1
DA:43,1
DA:45,1
DA:46,1
DA:47,2
DA:50,1
DA:52,1
DA:54,1
DA:55,1
DA:56,2
DA:64,1
DA:65,4
DA:72,1
DA:74,1
DA:84,1
DA:85,1
DA:86,4
DA:96,1
DA:97,3
DA:98,1
DA:110,1
DA:113,4
DA:116,1
DA:117,1
DA:120,1
DA:123,1
DA:125,3
DA:127,1
DA:128,1
DA:131,1
DA:133,1
DA:134,1
DA:135,1
DA:136,1
DA:137,2
DA:144,1
DA:145,4
DA:152,2
DA:155,1
DA:157,1
DA:158,1
DA:161,4
DA:165,1
DA:168,4
DA:172,1
DA:175,4
DA:179,1
DA:182,3
DA:186,1
DA:188,3
DA:189,1
DA:198,3
DA:202,1
DA:203,1
DA:205,1
DA:206,1
DA:207,1
DA:211,1
DA:212,1
DA:215,1
LF:75
LH:75
end_of_record
